0 verbose cli /usr/bin/node /usr/bin/npm
1 info using npm@11.4.2
2 info using node@v24.4.0
3 silly config load:file:/usr/lib/node_modules/npm/npmrc
4 silly config load:file:/home/ml/.local/share/nvim/mason/staging/pyright/.npmrc
0 verbose cli /usr/bin/node /usr/bin/npm
5 silly config load:file:/home/ml/.npmrc
6 silly config load:file:/etc/npmrc
7 verbose title npm init
8 verbose argv "init" "--yes" "--scope" "mason"
9 verbose logfile logs-max:10 dir:/home/ml/.npm/_logs/2025-07-13T06_17_29_042Z-
1 info using npm@11.4.2
10 verbose logfile /home/ml/.npm/_logs/2025-07-13T06_17_29_042Z-debug-0.log
2 info using node@v24.4.0
3 silly config load:file:/usr/lib/node_modules/npm/npmrc
4 silly config load:file:/home/ml/.local/share/nvim/mason/staging/bash-language-server/.npmrc
5 silly config load:file:/home/ml/.npmrc
6 silly config load:file:/etc/npmrc
7 verbose title npm init
8 verbose argv "init" "--yes" "--scope" "mason"
9 verbose logfile logs-max:10 dir:/home/ml/.npm/_logs/2025-07-13T06_17_29_042Z-
10 verbose logfile /home/ml/.npm/_logs/2025-07-13T06_17_29_042Z-debug-0.log
11 silly logfile start cleaning logs, removing 1 files
11 silly logfile start cleaning logs, removing 1 files
12 silly logfile done cleaning log files
12 silly logfile done cleaning log files
13 silly package data {
13 silly package data   name: '@mason/bash-language-server',
13 silly package data   version: '1.0.0',
13 silly package data   description: '',
13 silly package data   main: 'index.js',
13 silly package data   scripts: { test: 'echo "Error: no test specified" && exit 1' },
13 silly package data   keywords: [],
13 silly package data   author: '',
13 silly package data   license: 'ISC',
13 silly package data   type: 'commonjs'
13 silly package data }
13 silly package data {
13 silly package data   name: '@mason/pyright',
13 silly package data   version: '1.0.0',
13 silly package data   description: '',
13 silly package data   main: 'index.js',
13 silly package data   scripts: { test: 'echo "Error: no test specified" && exit 1' },
13 silly package data   keywords: [],
13 silly package data   author: '',
13 silly package data   license: 'ISC',
13 silly package data   type: 'commonjs'
13 silly package data }
14 verbose cwd /home/ml/.local/share/nvim/mason/staging/bash-language-server
15 verbose os Linux 6.15.5-arch1-1
16 verbose node v24.4.0
17 verbose npm  v11.4.2
18 verbose exit 0
19 info ok
14 verbose cwd /home/ml/.local/share/nvim/mason/staging/pyright
15 verbose os Linux 6.15.5-arch1-1
16 verbose node v24.4.0
17 verbose npm  v11.4.2
18 verbose exit 0
19 info ok
